[0m21:55:05.852889 [debug] [MainThread]: Sending event: {'category': 'dbt', 'action': 'invocation', 'label': 'start', 'context': [<snowplow_tracker.self_describing_json.SelfDescribingJson object at 0x000001B1DD4CACD0>, <snowplow_tracker.self_describing_json.SelfDescribingJson object at 0x000001B1E0284580>, <snowplow_tracker.self_describing_json.SelfDescribingJson object at 0x000001B1E0284310>]}


============================== 21:55:05.856496 | 7b3645d0-3999-4b28-a665-fe4a4e0fca23 ==============================
[0m21:55:05.856496 [info ] [MainThread]: Running with dbt=1.7.1
[0m21:55:05.857520 [debug] [MainThread]: running dbt with arguments {'printer_width': '80', 'indirect_selection': 'eager', 'write_json': 'True', 'log_cache_events': 'False', 'partial_parse': 'True', 'cache_selected_only': 'False', 'profiles_dir': 'C:\\Users\\Night\\.dbt', 'version_check': 'True', 'debug': 'False', 'log_path': 'logs', 'fail_fast': 'False', 'warn_error': 'None', 'use_colors': 'True', 'use_experimental_parser': 'False', 'no_print': 'None', 'quiet': 'False', 'warn_error_options': 'WarnErrorOptions(include=[], exclude=[])', 'introspect': 'True', 'invocation_command': 'dbt init demo-dbt', 'log_format': 'default', 'target_path': 'None', 'static_parser': 'True', 'send_anonymous_usage_stats': 'True'}
[0m21:55:05.858495 [warn ] [MainThread]: [ConfigFolderDirectory]: Unable to parse dict {'dir': WindowsPath('C:/Users/Night/.dbt')}
[0m21:55:05.859534 [info ] [MainThread]: Creating dbt configuration folder at 
[0m21:55:24.342963 [debug] [MainThread]: Starter project path: C:\Users\Night\anaconda3\envs\StudyDBT\lib\site-packages\dbt\include\starter_project
[0m21:55:24.364355 [info ] [MainThread]: 
Your new dbt project "DemoDBT" was created!

For more information on how to configure the profiles.yml file,
please consult the dbt documentation here:

  https://docs.getdbt.com/docs/configure-your-profile

One more thing:

Need help? Don't hesitate to reach out to us via GitHub issues or on Slack:

  https://community.getdbt.com/

Happy modeling!

[0m21:55:24.365245 [info ] [MainThread]: Setting up your profile.
[0m22:04:52.135225 [error] [MainThread]: Encountered an error:

[0m22:04:52.144303 [error] [MainThread]: Traceback (most recent call last):
  File "C:\Users\Night\anaconda3\envs\StudyDBT\lib\site-packages\dbt\cli\requires.py", line 90, in wrapper
    result, success = func(*args, **kwargs)
  File "C:\Users\Night\anaconda3\envs\StudyDBT\lib\site-packages\dbt\cli\requires.py", line 75, in wrapper
    return func(*args, **kwargs)
  File "C:\Users\Night\anaconda3\envs\StudyDBT\lib\site-packages\dbt\cli\main.py", line 515, in init
    results = task.run()
  File "C:\Users\Night\anaconda3\envs\StudyDBT\lib\site-packages\dbt\task\init.py", line 344, in run
    self.setup_profile(profile_name)
  File "C:\Users\Night\anaconda3\envs\StudyDBT\lib\site-packages\dbt\task\init.py", line 264, in setup_profile
    self.create_profile_from_target(adapter, profile_name=profile_name)
  File "C:\Users\Night\anaconda3\envs\StudyDBT\lib\site-packages\dbt\task\init.py", line 181, in create_profile_from_target
    self.create_profile_from_profile_template(profile_template, profile_name)
  File "C:\Users\Night\anaconda3\envs\StudyDBT\lib\site-packages\dbt\task\init.py", line 165, in create_profile_from_profile_template
    target = self.generate_target_from_input(prompts, initial_target)
  File "C:\Users\Night\anaconda3\envs\StudyDBT\lib\site-packages\dbt\task\init.py", line 131, in generate_target_from_input
    target[key] = click.prompt(
  File "C:\Users\Night\anaconda3\envs\StudyDBT\lib\site-packages\click\termui.py", line 164, in prompt
    value = prompt_func(prompt)
  File "C:\Users\Night\anaconda3\envs\StudyDBT\lib\site-packages\click\termui.py", line 147, in prompt_func
    raise Abort() from None
click.exceptions.Abort

[0m22:04:52.146919 [debug] [MainThread]: Command `dbt init` failed at 22:04:52.146919 after 586.30 seconds
[0m22:04:52.147916 [debug] [MainThread]: Sending event: {'category': 'dbt', 'action': 'invocation', 'label': 'end', 'context': [<snowplow_tracker.self_describing_json.SelfDescribingJson object at 0x000001B1DD4CACD0>, <snowplow_tracker.self_describing_json.SelfDescribingJson object at 0x000001B1E0A3B9A0>, <snowplow_tracker.self_describing_json.SelfDescribingJson object at 0x000001B1E0A3B100>]}
[0m22:04:52.148923 [debug] [MainThread]: Flushing usage events
[0m22:05:20.005163 [debug] [MainThread]: Sending event: {'category': 'dbt', 'action': 'invocation', 'label': 'start', 'context': [<snowplow_tracker.self_describing_json.SelfDescribingJson object at 0x000001F9D53FB460>, <snowplow_tracker.self_describing_json.SelfDescribingJson object at 0x000001F9D81A45E0>, <snowplow_tracker.self_describing_json.SelfDescribingJson object at 0x000001F9D81A4370>]}


============================== 22:05:20.008144 | 2c0cd092-f0cf-4568-9588-731b4c19b006 ==============================
[0m22:05:20.008144 [info ] [MainThread]: Running with dbt=1.7.1
[0m22:05:20.009143 [debug] [MainThread]: running dbt with arguments {'printer_width': '80', 'indirect_selection': 'eager', 'write_json': 'True', 'log_cache_events': 'False', 'partial_parse': 'True', 'cache_selected_only': 'False', 'warn_error': 'None', 'version_check': 'True', 'profiles_dir': 'C:\\Users\\Night\\.dbt', 'log_path': 'logs', 'fail_fast': 'False', 'debug': 'False', 'use_colors': 'True', 'use_experimental_parser': 'False', 'no_print': 'None', 'quiet': 'False', 'warn_error_options': 'WarnErrorOptions(include=[], exclude=[])', 'introspect': 'True', 'log_format': 'default', 'static_parser': 'True', 'target_path': 'None', 'invocation_command': 'dbt init demo-dbt', 'send_anonymous_usage_stats': 'True'}
[0m22:05:29.312740 [error] [MainThread]: Encountered an error:

[0m22:05:29.314740 [error] [MainThread]: Traceback (most recent call last):
  File "C:\Users\Night\anaconda3\envs\StudyDBT\lib\site-packages\dbt\cli\requires.py", line 90, in wrapper
    result, success = func(*args, **kwargs)
  File "C:\Users\Night\anaconda3\envs\StudyDBT\lib\site-packages\dbt\cli\requires.py", line 75, in wrapper
    return func(*args, **kwargs)
  File "C:\Users\Night\anaconda3\envs\StudyDBT\lib\site-packages\dbt\cli\main.py", line 515, in init
    results = task.run()
  File "C:\Users\Night\anaconda3\envs\StudyDBT\lib\site-packages\dbt\task\init.py", line 322, in run
    project_name = self.get_valid_project_name()
  File "C:\Users\Night\anaconda3\envs\StudyDBT\lib\site-packages\dbt\task\init.py", line 276, in get_valid_project_name
    name = click.prompt("Enter a name for your project (letters, digits, underscore)")
  File "C:\Users\Night\anaconda3\envs\StudyDBT\lib\site-packages\click\termui.py", line 164, in prompt
    value = prompt_func(prompt)
  File "C:\Users\Night\anaconda3\envs\StudyDBT\lib\site-packages\click\termui.py", line 147, in prompt_func
    raise Abort() from None
click.exceptions.Abort

[0m22:05:29.315740 [debug] [MainThread]: Command `dbt init` failed at 22:05:29.315740 after 9.32 seconds
[0m22:05:29.316740 [debug] [MainThread]: Sending event: {'category': 'dbt', 'action': 'invocation', 'label': 'end', 'context': [<snowplow_tracker.self_describing_json.SelfDescribingJson object at 0x000001F9D53FB460>, <snowplow_tracker.self_describing_json.SelfDescribingJson object at 0x000001F9D81D1640>, <snowplow_tracker.self_describing_json.SelfDescribingJson object at 0x000001F9D81D13D0>]}
[0m22:05:29.316740 [debug] [MainThread]: Flushing usage events
[0m22:05:51.833454 [debug] [MainThread]: Sending event: {'category': 'dbt', 'action': 'invocation', 'label': 'start', 'context': [<snowplow_tracker.self_describing_json.SelfDescribingJson object at 0x000001F53042D460>, <snowplow_tracker.self_describing_json.SelfDescribingJson object at 0x000001F5331E45B0>, <snowplow_tracker.self_describing_json.SelfDescribingJson object at 0x000001F5331E4340>]}


============================== 22:05:51.836455 | 6633f9dd-15a6-4d6b-8d27-196c924a9e56 ==============================
[0m22:05:51.836455 [info ] [MainThread]: Running with dbt=1.7.1
[0m22:05:51.837454 [debug] [MainThread]: running dbt with arguments {'printer_width': '80', 'indirect_selection': 'eager', 'log_cache_events': 'False', 'write_json': 'True', 'partial_parse': 'True', 'cache_selected_only': 'False', 'warn_error': 'None', 'version_check': 'True', 'fail_fast': 'False', 'log_path': 'logs', 'profiles_dir': 'C:\\Users\\Night\\.dbt', 'debug': 'False', 'use_colors': 'True', 'use_experimental_parser': 'False', 'no_print': 'None', 'quiet': 'False', 'warn_error_options': 'WarnErrorOptions(include=[], exclude=[])', 'introspect': 'True', 'log_format': 'default', 'static_parser': 'True', 'target_path': 'None', 'invocation_command': 'dbt init demodbt', 'send_anonymous_usage_stats': 'True'}
[0m22:05:51.838454 [debug] [MainThread]: Starter project path: C:\Users\Night\anaconda3\envs\StudyDBT\lib\site-packages\dbt\include\starter_project
[0m22:05:51.850246 [info ] [MainThread]: 
Your new dbt project "demodbt" was created!

For more information on how to configure the profiles.yml file,
please consult the dbt documentation here:

  https://docs.getdbt.com/docs/configure-your-profile

One more thing:

Need help? Don't hesitate to reach out to us via GitHub issues or on Slack:

  https://community.getdbt.com/

Happy modeling!

[0m22:05:51.851473 [info ] [MainThread]: Setting up your profile.
[0m22:25:39.045729 [error] [MainThread]: Encountered an error:

[0m22:25:39.053791 [error] [MainThread]: Traceback (most recent call last):
  File "C:\Users\Night\anaconda3\envs\StudyDBT\lib\site-packages\dbt\cli\requires.py", line 90, in wrapper
    result, success = func(*args, **kwargs)
  File "C:\Users\Night\anaconda3\envs\StudyDBT\lib\site-packages\dbt\cli\requires.py", line 75, in wrapper
    return func(*args, **kwargs)
  File "C:\Users\Night\anaconda3\envs\StudyDBT\lib\site-packages\dbt\cli\main.py", line 515, in init
    results = task.run()
  File "C:\Users\Night\anaconda3\envs\StudyDBT\lib\site-packages\dbt\task\init.py", line 344, in run
    self.setup_profile(profile_name)
  File "C:\Users\Night\anaconda3\envs\StudyDBT\lib\site-packages\dbt\task\init.py", line 264, in setup_profile
    self.create_profile_from_target(adapter, profile_name=profile_name)
  File "C:\Users\Night\anaconda3\envs\StudyDBT\lib\site-packages\dbt\task\init.py", line 181, in create_profile_from_target
    self.create_profile_from_profile_template(profile_template, profile_name)
  File "C:\Users\Night\anaconda3\envs\StudyDBT\lib\site-packages\dbt\task\init.py", line 165, in create_profile_from_profile_template
    target = self.generate_target_from_input(prompts, initial_target)
  File "C:\Users\Night\anaconda3\envs\StudyDBT\lib\site-packages\dbt\task\init.py", line 115, in generate_target_from_input
    numeric_choice = click.prompt(prompt_msg, type=click.INT)
  File "C:\Users\Night\anaconda3\envs\StudyDBT\lib\site-packages\click\termui.py", line 164, in prompt
    value = prompt_func(prompt)
  File "C:\Users\Night\anaconda3\envs\StudyDBT\lib\site-packages\click\termui.py", line 147, in prompt_func
    raise Abort() from None
click.exceptions.Abort

[0m22:25:39.055723 [debug] [MainThread]: Command `dbt init` failed at 22:25:39.055723 after 1187.23 seconds
[0m22:25:39.055723 [debug] [MainThread]: Sending event: {'category': 'dbt', 'action': 'invocation', 'label': 'end', 'context': [<snowplow_tracker.self_describing_json.SelfDescribingJson object at 0x000001F53042D460>, <snowplow_tracker.self_describing_json.SelfDescribingJson object at 0x000001F53399B730>, <snowplow_tracker.self_describing_json.SelfDescribingJson object at 0x000001F53399B820>]}
[0m22:25:39.056801 [debug] [MainThread]: Flushing usage events
[0m22:25:45.798543 [debug] [MainThread]: Sending event: {'category': 'dbt', 'action': 'invocation', 'label': 'start', 'context': [<snowplow_tracker.self_describing_json.SelfDescribingJson object at 0x0000019761B5B460>, <snowplow_tracker.self_describing_json.SelfDescribingJson object at 0x00000197649145B0>, <snowplow_tracker.self_describing_json.SelfDescribingJson object at 0x0000019764914340>]}


============================== 22:25:45.801547 | 13f6a60a-0ef4-469c-957f-cb6899e6de7a ==============================
[0m22:25:45.801547 [info ] [MainThread]: Running with dbt=1.7.1
[0m22:25:45.802574 [debug] [MainThread]: running dbt with arguments {'printer_width': '80', 'indirect_selection': 'eager', 'write_json': 'True', 'log_cache_events': 'False', 'partial_parse': 'True', 'cache_selected_only': 'False', 'warn_error': 'None', 'version_check': 'True', 'fail_fast': 'False', 'log_path': 'logs', 'profiles_dir': 'C:\\Users\\Night\\.dbt', 'debug': 'False', 'use_colors': 'True', 'use_experimental_parser': 'False', 'no_print': 'None', 'quiet': 'False', 'log_format': 'default', 'invocation_command': 'dbt init demodbt', 'warn_error_options': 'WarnErrorOptions(include=[], exclude=[])', 'static_parser': 'True', 'target_path': 'None', 'introspect': 'True', 'send_anonymous_usage_stats': 'True'}
[0m22:25:45.803547 [info ] [MainThread]: A project called demodbt already exists here.
[0m22:25:45.804557 [debug] [MainThread]: Command `dbt init` succeeded at 22:25:45.804557 after 0.02 seconds
[0m22:25:45.805547 [debug] [MainThread]: Sending event: {'category': 'dbt', 'action': 'invocation', 'label': 'end', 'context': [<snowplow_tracker.self_describing_json.SelfDescribingJson object at 0x0000019761B5B460>, <snowplow_tracker.self_describing_json.SelfDescribingJson object at 0x00000197649145B0>, <snowplow_tracker.self_describing_json.SelfDescribingJson object at 0x0000019764914460>]}
[0m22:25:45.805547 [debug] [MainThread]: Flushing usage events
[0m22:25:56.273627 [debug] [MainThread]: Sending event: {'category': 'dbt', 'action': 'invocation', 'label': 'start', 'context': [<snowplow_tracker.self_describing_json.SelfDescribingJson object at 0x000002BDF236B460>, <snowplow_tracker.self_describing_json.SelfDescribingJson object at 0x000002BDF51235E0>, <snowplow_tracker.self_describing_json.SelfDescribingJson object at 0x000002BDF5123370>]}


============================== 22:25:56.276712 | 5f302a0f-97ec-42e0-a294-ab04dc6a384a ==============================
[0m22:25:56.276712 [info ] [MainThread]: Running with dbt=1.7.1
[0m22:25:56.277738 [debug] [MainThread]: running dbt with arguments {'printer_width': '80', 'indirect_selection': 'eager', 'log_cache_events': 'False', 'write_json': 'True', 'partial_parse': 'True', 'cache_selected_only': 'False', 'warn_error': 'None', 'version_check': 'True', 'fail_fast': 'False', 'log_path': 'logs', 'debug': 'False', 'profiles_dir': 'C:\\Users\\Night\\.dbt', 'use_colors': 'True', 'use_experimental_parser': 'False', 'no_print': 'None', 'quiet': 'False', 'log_format': 'default', 'introspect': 'True', 'static_parser': 'True', 'invocation_command': 'dbt init demodbt', 'target_path': 'None', 'warn_error_options': 'WarnErrorOptions(include=[], exclude=[])', 'send_anonymous_usage_stats': 'True'}
[0m22:25:56.279802 [debug] [MainThread]: Starter project path: C:\Users\Night\anaconda3\envs\StudyDBT\lib\site-packages\dbt\include\starter_project
[0m22:25:56.292174 [info ] [MainThread]: 
Your new dbt project "demodbt" was created!

For more information on how to configure the profiles.yml file,
please consult the dbt documentation here:

  https://docs.getdbt.com/docs/configure-your-profile

One more thing:

Need help? Don't hesitate to reach out to us via GitHub issues or on Slack:

  https://community.getdbt.com/

Happy modeling!

[0m22:25:56.293318 [info ] [MainThread]: Setting up your profile.
[0m22:33:26.808106 [info ] [MainThread]: Profile demodbt written to C:\Users\Night\.dbt\profiles.yml using target's profile_template.yml and your supplied values. Run 'dbt debug' to validate the connection.
[0m22:33:26.810617 [debug] [MainThread]: Command `dbt init` succeeded at 22:33:26.809707 after 450.55 seconds
[0m22:33:26.810617 [debug] [MainThread]: Sending event: {'category': 'dbt', 'action': 'invocation', 'label': 'end', 'context': [<snowplow_tracker.self_describing_json.SelfDescribingJson object at 0x000002BDF236B460>, <snowplow_tracker.self_describing_json.SelfDescribingJson object at 0x000002BDF58E5E50>, <snowplow_tracker.self_describing_json.SelfDescribingJson object at 0x000002BDF58E5D60>]}
[0m22:33:26.811616 [debug] [MainThread]: Flushing usage events
[0m22:41:02.470143 [debug] [MainThread]: Sending event: {'category': 'dbt', 'action': 'invocation', 'label': 'start', 'context': [<snowplow_tracker.self_describing_json.SelfDescribingJson object at 0x000001B8C05BB460>, <snowplow_tracker.self_describing_json.SelfDescribingJson object at 0x000001B8C3390100>, <snowplow_tracker.self_describing_json.SelfDescribingJson object at 0x000001B8C3390A60>]}


============================== 22:41:02.474245 | fdfc071c-6633-4016-979e-73d38c88b759 ==============================
[0m22:41:02.474245 [info ] [MainThread]: Running with dbt=1.7.1
[0m22:41:02.475345 [debug] [MainThread]: running dbt with arguments {'printer_width': '80', 'indirect_selection': 'eager', 'log_cache_events': 'False', 'write_json': 'True', 'partial_parse': 'True', 'cache_selected_only': 'False', 'warn_error': 'None', 'debug': 'False', 'fail_fast': 'False', 'log_path': 'logs', 'version_check': 'True', 'profiles_dir': 'C:\\Users\\Night\\.dbt', 'use_colors': 'True', 'use_experimental_parser': 'False', 'no_print': 'None', 'quiet': 'False', 'log_format': 'default', 'invocation_command': 'dbt debug', 'introspect': 'True', 'static_parser': 'True', 'target_path': 'None', 'warn_error_options': 'WarnErrorOptions(include=[], exclude=[])', 'send_anonymous_usage_stats': 'True'}
[0m22:41:02.476353 [info ] [MainThread]: dbt version: 1.7.1
[0m22:41:02.477032 [info ] [MainThread]: python version: 3.9.18
[0m22:41:02.478057 [info ] [MainThread]: python path: C:\Users\Night\anaconda3\envs\StudyDBT\python.exe
[0m22:41:02.478057 [info ] [MainThread]: os info: Windows-10-10.0.22621-SP0
[0m22:41:02.822079 [info ] [MainThread]: Using profiles dir at C:\Users\Night\.dbt
[0m22:41:02.823079 [info ] [MainThread]: Using profiles.yml file at C:\Users\Night\.dbt\profiles.yml
[0m22:41:02.824128 [info ] [MainThread]: Using dbt_project.yml file at C:\AkshayPersonal\Studying\learnDBT\learndbt\dbt_project.yml
[0m22:41:02.826156 [info ] [MainThread]: adapter type: snowflake
[0m22:41:02.826662 [info ] [MainThread]: adapter version: 1.7.0
[0m22:41:02.826662 [info ] [MainThread]: Configuration:
[0m22:41:02.828246 [info ] [MainThread]:   profiles.yml file [[32mOK found and valid[0m]
[0m22:41:02.829259 [info ] [MainThread]:   dbt_project.yml file [[31mERROR not found[0m]
[0m22:41:02.829259 [info ] [MainThread]: Required dependencies:
[0m22:41:02.830255 [debug] [MainThread]: Executing "git --help"
[0m22:41:02.862661 [debug] [MainThread]: STDOUT: "b"usage: git [--version] [--help] [-C <path>] [-c <name>=<value>]\n           [--exec-path[=<path>]] [--html-path] [--man-path] [--info-path]\n           [-p | --paginate | -P | --no-pager] [--no-replace-objects] [--bare]\n           [--git-dir=<path>] [--work-tree=<path>] [--namespace=<name>]\n           [--super-prefix=<path>] [--config-env=<name>=<envvar>]\n           <command> [<args>]\n\nThese are common Git commands used in various situations:\n\nstart a working area (see also: git help tutorial)\n   clone     Clone a repository into a new directory\n   init      Create an empty Git repository or reinitialize an existing one\n\nwork on the current change (see also: git help everyday)\n   add       Add file contents to the index\n   mv        Move or rename a file, a directory, or a symlink\n   restore   Restore working tree files\n   rm        Remove files from the working tree and from the index\n\nexamine the history and state (see also: git help revisions)\n   bisect    Use binary search to find the commit that introduced a bug\n   diff      Show changes between commits, commit and working tree, etc\n   grep      Print lines matching a pattern\n   log       Show commit logs\n   show      Show various types of objects\n   status    Show the working tree status\n\ngrow, mark and tweak your common history\n   branch    List, create, or delete branches\n   commit    Record changes to the repository\n   merge     Join two or more development histories together\n   rebase    Reapply commits on top of another base tip\n   reset     Reset current HEAD to the specified state\n   switch    Switch branches\n   tag       Create, list, delete or verify a tag object signed with GPG\n\ncollaborate (see also: git help workflows)\n   fetch     Download objects and refs from another repository\n   pull      Fetch from and integrate with another repository or a local branch\n   push      Update remote refs along with associated objects\n\n'git help -a' and 'git help -g' list available subcommands and some\nconcept guides. See 'git help <command>' or 'git help <concept>'\nto read about a specific subcommand or concept.\nSee 'git help git' for an overview of the system.\n""
[0m22:41:02.863675 [debug] [MainThread]: STDERR: "b''"
[0m22:41:02.863675 [info ] [MainThread]:  - git [[32mOK found[0m]

[0m22:41:02.864680 [info ] [MainThread]: Connection:
[0m22:41:02.865678 [info ] [MainThread]:   account: xbrdicp-iob34043
[0m22:41:02.865678 [info ] [MainThread]:   user: AKSHAYRAJAN
[0m22:41:02.866664 [info ] [MainThread]:   database: LEARNDBTDATABASE
[0m22:41:02.866664 [info ] [MainThread]:   warehouse: COMPUTE_WH
[0m22:41:02.868171 [info ] [MainThread]:   role: dev
[0m22:41:02.868171 [info ] [MainThread]:   schema: PUBLIC
[0m22:41:02.869209 [info ] [MainThread]:   authenticator: None
[0m22:41:02.869209 [info ] [MainThread]:   private_key_path: None
[0m22:41:02.870178 [info ] [MainThread]:   token: None
[0m22:41:02.870178 [info ] [MainThread]:   oauth_client_id: None
[0m22:41:02.872180 [info ] [MainThread]:   query_tag: None
[0m22:41:02.872180 [info ] [MainThread]:   client_session_keep_alive: False
[0m22:41:02.873183 [info ] [MainThread]:   host: None
[0m22:41:02.873183 [info ] [MainThread]:   port: None
[0m22:41:02.874184 [info ] [MainThread]:   proxy_host: None
[0m22:41:02.875183 [info ] [MainThread]:   proxy_port: None
[0m22:41:02.875183 [info ] [MainThread]:   protocol: None
[0m22:41:02.876182 [info ] [MainThread]:   connect_retries: 1
[0m22:41:02.876182 [info ] [MainThread]:   connect_timeout: None
[0m22:41:02.877179 [info ] [MainThread]:   retry_on_database_errors: False
[0m22:41:02.877179 [info ] [MainThread]:   retry_all: False
[0m22:41:02.878179 [info ] [MainThread]:   insecure_mode: False
[0m22:41:02.878688 [info ] [MainThread]:   reuse_connections: None
[0m22:41:02.878688 [info ] [MainThread]: Registered adapter: snowflake=1.7.0
[0m22:41:02.880783 [debug] [MainThread]: Acquiring new snowflake connection 'debug'
[0m22:41:02.881700 [debug] [MainThread]: Using snowflake connection "debug"
[0m22:41:02.881700 [debug] [MainThread]: On debug: select 1 as id
[0m22:41:02.882708 [debug] [MainThread]: Opening a new connection, currently in state init
[0m22:41:04.099883 [debug] [MainThread]: Snowflake adapter: Error running SQL: select 1 as id
[0m22:41:04.099883 [debug] [MainThread]: Snowflake adapter: Rolling back transaction.
[0m22:41:04.100827 [debug] [MainThread]: On debug: No close available on handle
[0m22:41:04.100827 [info ] [MainThread]:   Connection test: [[31mERROR[0m]

[0m22:41:04.101829 [info ] [MainThread]: [31m2 checks failed:[0m
[0m22:41:04.102826 [info ] [MainThread]: Project loading failed for the following reason:
 project path <C:\AkshayPersonal\Studying\learnDBT\learndbt\dbt_project.yml> not found

[0m22:41:04.102826 [info ] [MainThread]: dbt was unable to connect to the specified database.
The database returned the following error:

  >Database Error
  250001 (08001): Failed to connect to DB: xbrdicp-iob34043.snowflakecomputing.com:443. Role 'DEV' specified in the connect string does not exist or not authorized. Contact your local system administrator, or attempt to login with another role, e.g. PUBLIC.

Check your database credentials and try again. For more information, visit:
https://docs.getdbt.com/docs/configure-your-profile


[0m22:41:04.104827 [debug] [MainThread]: Command `dbt debug` failed at 22:41:04.104827 after 1.69 seconds
[0m22:41:04.105829 [debug] [MainThread]: Connection 'debug' was properly closed.
[0m22:41:04.105829 [debug] [MainThread]: Sending event: {'category': 'dbt', 'action': 'invocation', 'label': 'end', 'context': [<snowplow_tracker.self_describing_json.SelfDescribingJson object at 0x000001B8C05BB460>, <snowplow_tracker.self_describing_json.SelfDescribingJson object at 0x000001B8C3BCA790>, <snowplow_tracker.self_describing_json.SelfDescribingJson object at 0x000001B8C3BC0F70>]}
[0m22:41:04.106828 [debug] [MainThread]: Flushing usage events
[0m22:42:01.395388 [debug] [MainThread]: Sending event: {'category': 'dbt', 'action': 'invocation', 'label': 'start', 'context': [<snowplow_tracker.self_describing_json.SelfDescribingJson object at 0x000001B555F1C7F0>, <snowplow_tracker.self_describing_json.SelfDescribingJson object at 0x000001B558CF4D00>, <snowplow_tracker.self_describing_json.SelfDescribingJson object at 0x000001B558CF44C0>]}


============================== 22:42:01.398546 | 586e3113-9dda-4cdd-a10e-16d04f4aeec9 ==============================
[0m22:42:01.398546 [info ] [MainThread]: Running with dbt=1.7.1
[0m22:42:01.399546 [debug] [MainThread]: running dbt with arguments {'printer_width': '80', 'indirect_selection': 'eager', 'log_cache_events': 'False', 'write_json': 'True', 'partial_parse': 'True', 'cache_selected_only': 'False', 'profiles_dir': 'C:\\Users\\Night\\.dbt', 'fail_fast': 'False', 'warn_error': 'None', 'log_path': 'logs', 'debug': 'False', 'version_check': 'True', 'use_colors': 'True', 'use_experimental_parser': 'False', 'no_print': 'None', 'quiet': 'False', 'log_format': 'default', 'introspect': 'True', 'invocation_command': 'dbt debug', 'warn_error_options': 'WarnErrorOptions(include=[], exclude=[])', 'target_path': 'None', 'static_parser': 'True', 'send_anonymous_usage_stats': 'True'}
[0m22:42:01.400565 [info ] [MainThread]: dbt version: 1.7.1
[0m22:42:01.400565 [info ] [MainThread]: python version: 3.9.18
[0m22:42:01.401546 [info ] [MainThread]: python path: C:\Users\Night\anaconda3\envs\StudyDBT\python.exe
[0m22:42:01.402545 [info ] [MainThread]: os info: Windows-10-10.0.22621-SP0
[0m22:42:01.647908 [info ] [MainThread]: Using profiles dir at C:\Users\Night\.dbt
[0m22:42:01.647908 [info ] [MainThread]: Using profiles.yml file at C:\Users\Night\.dbt\profiles.yml
[0m22:42:01.648870 [info ] [MainThread]: Using dbt_project.yml file at C:\AkshayPersonal\Studying\learnDBT\learndbt\dbt_project.yml
[0m22:42:01.649825 [info ] [MainThread]: adapter type: snowflake
[0m22:42:01.650826 [info ] [MainThread]: adapter version: 1.7.0
[0m22:42:01.650826 [info ] [MainThread]: Configuration:
[0m22:42:01.651834 [info ] [MainThread]:   profiles.yml file [[32mOK found and valid[0m]
[0m22:42:01.651834 [info ] [MainThread]:   dbt_project.yml file [[31mERROR not found[0m]
[0m22:42:01.651834 [info ] [MainThread]: Required dependencies:
[0m22:42:01.652840 [debug] [MainThread]: Executing "git --help"
[0m22:42:01.681901 [debug] [MainThread]: STDOUT: "b"usage: git [--version] [--help] [-C <path>] [-c <name>=<value>]\n           [--exec-path[=<path>]] [--html-path] [--man-path] [--info-path]\n           [-p | --paginate | -P | --no-pager] [--no-replace-objects] [--bare]\n           [--git-dir=<path>] [--work-tree=<path>] [--namespace=<name>]\n           [--super-prefix=<path>] [--config-env=<name>=<envvar>]\n           <command> [<args>]\n\nThese are common Git commands used in various situations:\n\nstart a working area (see also: git help tutorial)\n   clone     Clone a repository into a new directory\n   init      Create an empty Git repository or reinitialize an existing one\n\nwork on the current change (see also: git help everyday)\n   add       Add file contents to the index\n   mv        Move or rename a file, a directory, or a symlink\n   restore   Restore working tree files\n   rm        Remove files from the working tree and from the index\n\nexamine the history and state (see also: git help revisions)\n   bisect    Use binary search to find the commit that introduced a bug\n   diff      Show changes between commits, commit and working tree, etc\n   grep      Print lines matching a pattern\n   log       Show commit logs\n   show      Show various types of objects\n   status    Show the working tree status\n\ngrow, mark and tweak your common history\n   branch    List, create, or delete branches\n   commit    Record changes to the repository\n   merge     Join two or more development histories together\n   rebase    Reapply commits on top of another base tip\n   reset     Reset current HEAD to the specified state\n   switch    Switch branches\n   tag       Create, list, delete or verify a tag object signed with GPG\n\ncollaborate (see also: git help workflows)\n   fetch     Download objects and refs from another repository\n   pull      Fetch from and integrate with another repository or a local branch\n   push      Update remote refs along with associated objects\n\n'git help -a' and 'git help -g' list available subcommands and some\nconcept guides. See 'git help <command>' or 'git help <concept>'\nto read about a specific subcommand or concept.\nSee 'git help git' for an overview of the system.\n""
[0m22:42:01.682901 [debug] [MainThread]: STDERR: "b''"
[0m22:42:01.683907 [info ] [MainThread]:  - git [[32mOK found[0m]

[0m22:42:01.684908 [info ] [MainThread]: Connection:
[0m22:42:01.684908 [info ] [MainThread]:   account: xbrdicp-iob34043
[0m22:42:01.685901 [info ] [MainThread]:   user: AKSHAYRAJAN
[0m22:42:01.686900 [info ] [MainThread]:   database: LEARNDBTDATABASE
[0m22:42:01.686900 [info ] [MainThread]:   warehouse: COMPUTE_WH
[0m22:42:01.688332 [info ] [MainThread]:   role: PUBLIC
[0m22:42:01.688332 [info ] [MainThread]:   schema: PUBLIC
[0m22:42:01.689748 [info ] [MainThread]:   authenticator: None
[0m22:42:01.689748 [info ] [MainThread]:   private_key_path: None
[0m22:42:01.690762 [info ] [MainThread]:   token: None
[0m22:42:01.690762 [info ] [MainThread]:   oauth_client_id: None
[0m22:42:01.691762 [info ] [MainThread]:   query_tag: None
[0m22:42:01.692761 [info ] [MainThread]:   client_session_keep_alive: False
[0m22:42:01.692761 [info ] [MainThread]:   host: None
[0m22:42:01.693896 [info ] [MainThread]:   port: None
[0m22:42:01.693896 [info ] [MainThread]:   proxy_host: None
[0m22:42:01.694984 [info ] [MainThread]:   proxy_port: None
[0m22:42:01.695991 [info ] [MainThread]:   protocol: None
[0m22:42:01.695991 [info ] [MainThread]:   connect_retries: 1
[0m22:42:01.697064 [info ] [MainThread]:   connect_timeout: None
[0m22:42:01.698070 [info ] [MainThread]:   retry_on_database_errors: False
[0m22:42:01.698070 [info ] [MainThread]:   retry_all: False
[0m22:42:01.699164 [info ] [MainThread]:   insecure_mode: False
[0m22:42:01.700170 [info ] [MainThread]:   reuse_connections: None
[0m22:42:01.701171 [info ] [MainThread]: Registered adapter: snowflake=1.7.0
[0m22:42:01.701171 [debug] [MainThread]: Acquiring new snowflake connection 'debug'
[0m22:42:01.703562 [debug] [MainThread]: Using snowflake connection "debug"
[0m22:42:01.703562 [debug] [MainThread]: On debug: select 1 as id
[0m22:42:01.704676 [debug] [MainThread]: Opening a new connection, currently in state init
[0m22:42:02.609518 [debug] [MainThread]: SQL status: SUCCESS 1 in 1.0 seconds
[0m22:42:02.611425 [debug] [MainThread]: On debug: Close
[0m22:42:02.742007 [info ] [MainThread]:   Connection test: [[32mOK connection ok[0m]

[0m22:42:02.743912 [info ] [MainThread]: [31m1 check failed:[0m
[0m22:42:02.745003 [info ] [MainThread]: Project loading failed for the following reason:
 project path <C:\AkshayPersonal\Studying\learnDBT\learndbt\dbt_project.yml> not found

[0m22:42:02.747125 [debug] [MainThread]: Command `dbt debug` failed at 22:42:02.747125 after 1.41 seconds
[0m22:42:02.748219 [debug] [MainThread]: Connection 'debug' was properly closed.
[0m22:42:02.749215 [debug] [MainThread]: Sending event: {'category': 'dbt', 'action': 'invocation', 'label': 'end', 'context': [<snowplow_tracker.self_describing_json.SelfDescribingJson object at 0x000001B555F1C7F0>, <snowplow_tracker.self_describing_json.SelfDescribingJson object at 0x000001B559553700>, <snowplow_tracker.self_describing_json.SelfDescribingJson object at 0x000001B5596A6DC0>]}
[0m22:42:02.750138 [debug] [MainThread]: Flushing usage events
